[17:25:50] [ServerMain/INFO]: Environment: Environment[accountsHost=https://api.mojang.com, sessionHost=https://sessionserver.mojang.com, servicesHost=https://api.minecraftservices.com, name=PROD]
[17:25:51] [ServerMain/INFO]: Loaded 7 recipes
[17:25:52] [Server thread/INFO]: Starting minecraft server version 1.20.2
[17:25:52] [Server thread/INFO]: Loading properties
[17:25:52] [Server thread/INFO]: This server is running CraftBukkit version 3915-Spigot-e0e223f-2a38185 (MC: 1.20.2) (Implementing API version 1.20.2-R0.1-SNAPSHOT)
[17:25:52] [Server thread/INFO]: Debug logging is disabled
[17:25:52] [Server thread/INFO]: Server Ping Player Sample Count: 12
[17:25:52] [Server thread/INFO]: Using 4 threads for Netty based IO
[17:25:52] [Server thread/INFO]: Default game type: SURVIVAL
[17:25:52] [Server thread/INFO]: Generating keypair
[17:25:52] [Server thread/INFO]: Starting Minecraft server on *:25566
[17:25:53] [Server thread/INFO]: Using default channel type
[17:25:53] [Server thread/INFO]: [ReanimateMC] Loading ReanimateMC v1.0
[17:25:53] [Server thread/INFO]: [ServerUtils] Loading ServerUtils v3.5.4
[17:25:53] [Server thread/WARN]: **** SERVER IS RUNNING IN OFFLINE/INSECURE MODE!
[17:25:53] [Server thread/WARN]: The server will make no attempt to authenticate usernames. Beware.
[17:25:53] [Server thread/WARN]: While this makes the game possible to play without internet access, it also opens up the ability for hackers to connect with any username they choose.
[17:25:53] [Server thread/WARN]: To change this, set "online-mode" to "true" in the server.properties file.
[17:25:53] [Server thread/INFO]: Preparing level "world"
[17:25:53] [Server thread/INFO]: -------- World Settings For [world] --------
[17:25:53] [Server thread/INFO]: Zombie Aggressive Towards Villager: true
[17:25:53] [Server thread/INFO]: Nerfing mobs spawned from spawners: false
[17:25:53] [Server thread/INFO]: Mob Spawn Range: 6
[17:25:53] [Server thread/INFO]: Experience Merge Radius: 3.0
[17:25:53] [Server thread/INFO]: Cactus Growth Modifier: 100%
[17:25:53] [Server thread/INFO]: Cane Growth Modifier: 100%
[17:25:53] [Server thread/INFO]: Melon Growth Modifier: 100%
[17:25:53] [Server thread/INFO]: Mushroom Growth Modifier: 100%
[17:25:53] [Server thread/INFO]: Pumpkin Growth Modifier: 100%
[17:25:53] [Server thread/INFO]: Sapling Growth Modifier: 100%
[17:25:53] [Server thread/INFO]: Beetroot Growth Modifier: 100%
[17:25:53] [Server thread/INFO]: Carrot Growth Modifier: 100%
[17:25:53] [Server thread/INFO]: Potato Growth Modifier: 100%
[17:25:53] [Server thread/INFO]: Wheat Growth Modifier: 100%
[17:25:53] [Server thread/INFO]: NetherWart Growth Modifier: 100%
[17:25:53] [Server thread/INFO]: Vine Growth Modifier: 100%
[17:25:53] [Server thread/INFO]: Cocoa Growth Modifier: 100%
[17:25:53] [Server thread/INFO]: Bamboo Growth Modifier: 100%
[17:25:53] [Server thread/INFO]: SweetBerry Growth Modifier: 100%
[17:25:53] [Server thread/INFO]: Kelp Growth Modifier: 100%
[17:25:53] [Server thread/INFO]: TwistingVines Growth Modifier: 100%
[17:25:53] [Server thread/INFO]: WeepingVines Growth Modifier: 100%
[17:25:53] [Server thread/INFO]: CaveVines Growth Modifier: 100%
[17:25:53] [Server thread/INFO]: Entity Activation Range: An 32 / Mo 32 / Ra 48 / Mi 16 / Tiv true / Isa false
[17:25:53] [Server thread/INFO]: Entity Tracking Range: Pl 48 / An 48 / Mo 48 / Mi 32 / Di 128 / Other 64
[17:25:53] [Server thread/INFO]: Custom Map Seeds:  Village: 10387312 Desert: 14357617 Igloo: 14357618 Jungle: 14357619 Swamp: 14357620 Monument: 10387313 Ocean: 14357621 Shipwreck: 165745295 End City: 10387313 Slime: 987234911 Nether: 30084232 Mansion: 10387319 Fossil: 14357921 Portal: 34222645
[17:25:53] [Server thread/INFO]: Hopper Transfer: 8 Hopper Check: 1 Hopper Amount: 1 Hopper Can Load Chunks: false
[17:25:53] [Server thread/INFO]: Max TNT Explosions: 100
[17:25:53] [Server thread/INFO]: Tile Max Tick Time: 50ms Entity max Tick Time: 50ms
[17:25:53] [Server thread/INFO]: View Distance: 10
[17:25:53] [Server thread/INFO]: Simulation Distance: 10
[17:25:53] [Server thread/INFO]: Allow Zombie Pigmen to spawn from portal blocks: true
[17:25:53] [Server thread/INFO]: Item Merge Radius: 2.5
[17:25:53] [Server thread/INFO]: Item Despawn Rate: 6000
[17:25:53] [Server thread/INFO]: Arrow Despawn Rate: 1200 Trident Respawn Rate:1200
[17:25:53] [Server thread/INFO]: -------- World Settings For [world_nether] --------
[17:25:53] [Server thread/INFO]: Zombie Aggressive Towards Villager: true
[17:25:53] [Server thread/INFO]: Nerfing mobs spawned from spawners: false
[17:25:53] [Server thread/INFO]: Mob Spawn Range: 6
[17:25:53] [Server thread/INFO]: Experience Merge Radius: 3.0
[17:25:53] [Server thread/INFO]: Cactus Growth Modifier: 100%
[17:25:53] [Server thread/INFO]: Cane Growth Modifier: 100%
[17:25:53] [Server thread/INFO]: Melon Growth Modifier: 100%
[17:25:53] [Server thread/INFO]: Mushroom Growth Modifier: 100%
[17:25:53] [Server thread/INFO]: Pumpkin Growth Modifier: 100%
[17:25:53] [Server thread/INFO]: Sapling Growth Modifier: 100%
[17:25:53] [Server thread/INFO]: Beetroot Growth Modifier: 100%
[17:25:53] [Server thread/INFO]: Carrot Growth Modifier: 100%
[17:25:53] [Server thread/INFO]: Potato Growth Modifier: 100%
[17:25:53] [Server thread/INFO]: Wheat Growth Modifier: 100%
[17:25:53] [Server thread/INFO]: NetherWart Growth Modifier: 100%
[17:25:53] [Server thread/INFO]: Vine Growth Modifier: 100%
[17:25:53] [Server thread/INFO]: Cocoa Growth Modifier: 100%
[17:25:53] [Server thread/INFO]: Bamboo Growth Modifier: 100%
[17:25:53] [Server thread/INFO]: SweetBerry Growth Modifier: 100%
[17:25:53] [Server thread/INFO]: Kelp Growth Modifier: 100%
[17:25:53] [Server thread/INFO]: TwistingVines Growth Modifier: 100%
[17:25:53] [Server thread/INFO]: WeepingVines Growth Modifier: 100%
[17:25:53] [Server thread/INFO]: CaveVines Growth Modifier: 100%
[17:25:53] [Server thread/INFO]: Entity Activation Range: An 32 / Mo 32 / Ra 48 / Mi 16 / Tiv true / Isa false
[17:25:53] [Server thread/INFO]: Entity Tracking Range: Pl 48 / An 48 / Mo 48 / Mi 32 / Di 128 / Other 64
[17:25:53] [Server thread/INFO]: Custom Map Seeds:  Village: 10387312 Desert: 14357617 Igloo: 14357618 Jungle: 14357619 Swamp: 14357620 Monument: 10387313 Ocean: 14357621 Shipwreck: 165745295 End City: 10387313 Slime: 987234911 Nether: 30084232 Mansion: 10387319 Fossil: 14357921 Portal: 34222645
[17:25:53] [Server thread/INFO]: Hopper Transfer: 8 Hopper Check: 1 Hopper Amount: 1 Hopper Can Load Chunks: false
[17:25:53] [Server thread/INFO]: Max TNT Explosions: 100
[17:25:53] [Server thread/INFO]: Tile Max Tick Time: 50ms Entity max Tick Time: 50ms
[17:25:53] [Server thread/INFO]: View Distance: 10
[17:25:53] [Server thread/INFO]: Simulation Distance: 10
[17:25:53] [Server thread/INFO]: Allow Zombie Pigmen to spawn from portal blocks: true
[17:25:53] [Server thread/INFO]: Item Merge Radius: 2.5
[17:25:53] [Server thread/INFO]: Item Despawn Rate: 6000
[17:25:53] [Server thread/INFO]: Arrow Despawn Rate: 1200 Trident Respawn Rate:1200
[17:25:53] [Server thread/INFO]: -------- World Settings For [world_the_end] --------
[17:25:53] [Server thread/INFO]: Zombie Aggressive Towards Villager: true
[17:25:53] [Server thread/INFO]: Nerfing mobs spawned from spawners: false
[17:25:53] [Server thread/INFO]: Mob Spawn Range: 6
[17:25:53] [Server thread/INFO]: Experience Merge Radius: 3.0
[17:25:53] [Server thread/INFO]: Cactus Growth Modifier: 100%
[17:25:53] [Server thread/INFO]: Cane Growth Modifier: 100%
[17:25:53] [Server thread/INFO]: Melon Growth Modifier: 100%
[17:25:53] [Server thread/INFO]: Mushroom Growth Modifier: 100%
[17:25:53] [Server thread/INFO]: Pumpkin Growth Modifier: 100%
[17:25:53] [Server thread/INFO]: Sapling Growth Modifier: 100%
[17:25:53] [Server thread/INFO]: Beetroot Growth Modifier: 100%
[17:25:53] [Server thread/INFO]: Carrot Growth Modifier: 100%
[17:25:53] [Server thread/INFO]: Potato Growth Modifier: 100%
[17:25:53] [Server thread/INFO]: Wheat Growth Modifier: 100%
[17:25:53] [Server thread/INFO]: NetherWart Growth Modifier: 100%
[17:25:53] [Server thread/INFO]: Vine Growth Modifier: 100%
[17:25:53] [Server thread/INFO]: Cocoa Growth Modifier: 100%
[17:25:53] [Server thread/INFO]: Bamboo Growth Modifier: 100%
[17:25:53] [Server thread/INFO]: SweetBerry Growth Modifier: 100%
[17:25:53] [Server thread/INFO]: Kelp Growth Modifier: 100%
[17:25:53] [Server thread/INFO]: TwistingVines Growth Modifier: 100%
[17:25:53] [Server thread/INFO]: WeepingVines Growth Modifier: 100%
[17:25:53] [Server thread/INFO]: CaveVines Growth Modifier: 100%
[17:25:53] [Server thread/INFO]: Entity Activation Range: An 32 / Mo 32 / Ra 48 / Mi 16 / Tiv true / Isa false
[17:25:53] [Server thread/INFO]: Entity Tracking Range: Pl 48 / An 48 / Mo 48 / Mi 32 / Di 128 / Other 64
[17:25:53] [Server thread/INFO]: Custom Map Seeds:  Village: 10387312 Desert: 14357617 Igloo: 14357618 Jungle: 14357619 Swamp: 14357620 Monument: 10387313 Ocean: 14357621 Shipwreck: 165745295 End City: 10387313 Slime: 987234911 Nether: 30084232 Mansion: 10387319 Fossil: 14357921 Portal: 34222645
[17:25:53] [Server thread/INFO]: Hopper Transfer: 8 Hopper Check: 1 Hopper Amount: 1 Hopper Can Load Chunks: false
[17:25:53] [Server thread/INFO]: Max TNT Explosions: 100
[17:25:53] [Server thread/INFO]: Tile Max Tick Time: 50ms Entity max Tick Time: 50ms
[17:25:53] [Server thread/INFO]: View Distance: 10
[17:25:53] [Server thread/INFO]: Simulation Distance: 10
[17:25:53] [Server thread/INFO]: Allow Zombie Pigmen to spawn from portal blocks: true
[17:25:53] [Server thread/INFO]: Item Merge Radius: 2.5
[17:25:53] [Server thread/INFO]: Item Despawn Rate: 6000
[17:25:53] [Server thread/INFO]: Arrow Despawn Rate: 1200 Trident Respawn Rate:1200
[17:25:53] [Server thread/INFO]: Preparing start region for dimension minecraft:overworld
[17:25:56] [Worker-Main-7/INFO]: Preparing spawn area: 0%
[17:25:56] [Worker-Main-7/INFO]: Preparing spawn area: 0%
[17:25:56] [Worker-Main-6/INFO]: Preparing spawn area: 0%
[17:25:56] [Worker-Main-6/INFO]: Preparing spawn area: 0%
[17:25:56] [Worker-Main-6/INFO]: Preparing spawn area: 0%
[17:25:56] [Worker-Main-8/INFO]: Preparing spawn area: 4%
[17:25:56] [Server thread/INFO]: Time elapsed: 2997 ms
[17:25:57] [Server thread/INFO]: Preparing start region for dimension minecraft:the_nether
[17:25:59] [Worker-Main-3/INFO]: Preparing spawn area: 0%
[17:25:59] [Worker-Main-3/INFO]: Preparing spawn area: 0%
[17:25:59] [Worker-Main-8/INFO]: Preparing spawn area: 0%
[17:25:59] [Worker-Main-4/INFO]: Preparing spawn area: 0%
[17:25:59] [Worker-Main-3/INFO]: Preparing spawn area: 0%
[17:25:59] [Worker-Main-3/INFO]: Preparing spawn area: 0%
[17:26:00] [Server thread/INFO]: Time elapsed: 2994 ms
[17:26:00] [Server thread/INFO]: Preparing start region for dimension minecraft:the_end
[17:26:01] [Worker-Main-11/INFO]: Preparing spawn area: 0%
[17:26:01] [Worker-Main-14/INFO]: Preparing spawn area: 0%
[17:26:01] [Worker-Main-13/INFO]: Preparing spawn area: 0%
[17:26:01] [Worker-Main-14/INFO]: Preparing spawn area: 0%
[17:26:01] [Server thread/INFO]: Time elapsed: 1856 ms
[17:26:01] [Server thread/INFO]: [ReanimateMC] Enabling ReanimateMC v1.0
[17:26:01] [Server thread/INFO]: [ServerUtils] Enabling ServerUtils v3.5.4
[17:26:02] [Server thread/INFO]: Server permissions file permissions.yml is empty, ignoring it
[17:26:02] [Server thread/INFO]: Done (9.192s)! For help, type "help"
[17:26:02] [Craft Scheduler Thread - 0/INFO]: [ServerUtils] Checking for updates...
[17:26:02] [Craft Scheduler Thread - 0/INFO]: [ServerUtils] We are up-to-date!
[17:29:11] [Server thread/INFO]: Stopping the server
[17:29:11] [Server thread/INFO]: Stopping server
[17:29:11] [Server thread/INFO]: [ServerUtils] Disabling ServerUtils v3.5.4
[17:29:11] [Server thread/INFO]: [ReanimateMC] Disabling ReanimateMC v1.0
[17:29:11] [Server thread/INFO]: Saving players
[17:29:11] [Server thread/INFO]: Saving worlds
